<?xml version="1.0" encoding="UTF-8"?>
<!-- Generated by org.testng.reporters.JUnitXMLReporter -->
<testsuite ignored="0" hostname="DESKTOP-ISQ03PC" failures="0" tests="14" name="Default test" time="61.842" errors="0" timestamp="2025-08-14T16:14:08 IST">
  <testcase classname="api.tests.DDTests" name="createUser" time="13.586"/>
  <testcase classname="api.tests.DDTests" name="createUser" time="4.749"/>
  <testcase classname="api.tests.DDTests" name="createUser" time="3.515"/>
  <testcase classname="api.tests.DDTests" name="createUser" time="2.925"/>
  <testcase classname="api.tests.DDTests" name="createUser" time="3.784"/>
  <testcase classname="api.tests.DDTests" name="createUser" time="2.861"/>
  <testcase classname="api.tests.DDTests" name="createUser" time="3.567"/>
  <testcase classname="api.tests.DDTests" name="deleteUserByName" time="3.986"/>
  <testcase classname="api.tests.DDTests" name="deleteUserByName" time="2.889"/>
  <testcase classname="api.tests.DDTests" name="deleteUserByName" time="3.887"/>
  <testcase classname="api.tests.DDTests" name="deleteUserByName" time="2.881"/>
  <testcase classname="api.tests.DDTests" name="deleteUserByName" time="4.759"/>
  <testcase classname="api.tests.DDTests" name="deleteUserByName" time="2.678"/>
  <testcase classname="api.tests.DDTests" name="deleteUserByName" time="3.374"/>
</testsuite> <!-- Default test -->
