<?xml version="1.0" encoding="UTF-8"?>
<!-- Generated by org.testng.reporters.JUnitXMLReporter -->
<testsuite ignored="0" hostname="DESKTOP-ISQ03PC" failures="0" tests="3" name="Test" time="9.837" errors="0" timestamp="2025-11-09T13:25:08 IST">
  <testcase classname="api.tests.StoreTests" name="createOrder" time="5.069"/>
  <testcase classname="api.tests.StoreTests" name="getOrder" time="1.866"/>
  <testcase classname="api.tests.StoreTests" name="deleteOrder" time="1.951"/>
</testsuite> <!-- Test -->
