<?xml version="1.0" encoding="UTF-8"?>
<!-- Generated by org.testng.reporters.JUnitXMLReporter -->
<testsuite ignored="0" hostname="DESKTOP-ISQ03PC" failures="0" tests="4" name="Test" time="11.566" errors="0" timestamp="2025-08-14T22:52:37 IST">
  <testcase classname="api.tests.userTests2" name="testPostUser" time="3.82"/>
  <testcase classname="api.tests.userTests2" name="getUserByName" time="1.655"/>
  <testcase classname="api.tests.userTests2" name="updateUserByName" time="3.215"/>
  <testcase classname="api.tests.userTests2" name="deleteUserByName" time="1.548"/>
</testsuite> <!-- Test -->
