<?xml version="1.0" encoding="UTF-8"?>
<!-- Generated by org.testng.reporters.JUnitXMLReporter -->
<testsuite ignored="0" hostname="DESKTOP-ISQ03PC" failures="1" tests="4" name="Test" time="28.615" errors="0" timestamp="2025-08-15T16:44:11 IST">
  <testcase classname="api.tests.userTests2" name="testPostUser" time="10.395"/>
  <testcase classname="api.tests.userTests2" name="getUserByName" time="2.726">
    <failure type="java.lang.AssertionError" message="expected [200] but found [404]">
      <![CDATA[java.lang.AssertionError: expected [200] but found [404]
at api.tests.userTests2.getUserByName(userTests2.java:71)
at java.base/java.util.ArrayList.forEach(ArrayList.java:1596)
... Removed 36 stack frames]]>
    </failure>
  </testcase> <!-- getUserByName -->
  <testcase classname="api.tests.userTests2" name="updateUserByName" time="6.86"/>
  <testcase classname="api.tests.userTests2" name="deleteUserByName" time="4.294"/>
</testsuite> <!-- Test -->
