<?xml version="1.0" encoding="UTF-8"?>
<!-- Generated by org.testng.reporters.JUnitXMLReporter -->
<testsuite ignored="0" hostname="DESKTOP-ISQ03PC" failures="0" tests="4" name="Test" time="12.784" errors="0" timestamp="2025-08-14T23:20:19 IST">
  <testcase classname="api.tests.userTests2" name="testPostUser" time="3.86"/>
  <testcase classname="api.tests.userTests2" name="getUserByName" time="2.319"/>
  <testcase classname="api.tests.userTests2" name="updateUserByName" time="3.291"/>
  <testcase classname="api.tests.userTests2" name="deleteUserByName" time="1.987"/>
</testsuite> <!-- Test -->
