<?xml version="1.0" encoding="UTF-8"?>
<testng-results ignored="0" total="4" passed="4" failed="0" skipped="0">
  <reporter-output>
  </reporter-output>
  <suite started-at="2025-08-14T23:20:06 IST" name="Suite" finished-at="2025-08-14T23:20:18 IST" duration-ms="12784">
    <groups>
    </groups>
    <test started-at="2025-08-14T23:20:06 IST" name="Test" finished-at="2025-08-14T23:20:18 IST" duration-ms="12784">
      <class name="api.tests.userTests2">
        <test-method is-config="true" signature="setup()[pri:0, instance:api.tests.userTests2@10e41621]" started-at="2025-08-14T23:20:06 IST" name="setup" finished-at="2025-08-14T23:20:07 IST" duration-ms="1031" status="PASS">
          <reporter-output>
          </reporter-output>
        </test-method> <!-- setup -->
        <test-method signature="testPostUser()[pri:1, instance:api.tests.userTests2@10e41621]" started-at="2025-08-14T23:20:07 IST" name="testPostUser" finished-at="2025-08-14T23:20:11 IST" duration-ms="3860" status="PASS">
          <reporter-output>
          </reporter-output>
        </test-method> <!-- testPostUser -->
        <test-method signature="getUserByName()[pri:2, instance:api.tests.userTests2@10e41621]" started-at="2025-08-14T23:20:11 IST" name="getUserByName" finished-at="2025-08-14T23:20:13 IST" duration-ms="2319" status="PASS">
          <reporter-output>
          </reporter-output>
        </test-method> <!-- getUserByName -->
        <test-method signature="updateUserByName()[pri:3, instance:api.tests.userTests2@10e41621]" started-at="2025-08-14T23:20:13 IST" name="updateUserByName" finished-at="2025-08-14T23:20:16 IST" duration-ms="3291" status="PASS">
          <reporter-output>
          </reporter-output>
        </test-method> <!-- updateUserByName -->
        <test-method signature="deleteUserByName()[pri:4, instance:api.tests.userTests2@10e41621]" started-at="2025-08-14T23:20:16 IST" name="deleteUserByName" finished-at="2025-08-14T23:20:18 IST" duration-ms="1987" status="PASS">
          <reporter-output>
          </reporter-output>
        </test-method> <!-- deleteUserByName -->
      </class> <!-- api.tests.userTests2 -->
    </test> <!-- Test -->
  </suite> <!-- Suite -->
</testng-results>
