<?xml version="1.0" encoding="UTF-8"?>
<testng-results ignored="0" total="4" passed="4" failed="0" skipped="0">
  <reporter-output>
  </reporter-output>
  <suite started-at="2025-08-14T22:52:25 IST" name="Suite" finished-at="2025-08-14T22:52:37 IST" duration-ms="11566">
    <groups>
    </groups>
    <test started-at="2025-08-14T22:52:25 IST" name="Test" finished-at="2025-08-14T22:52:37 IST" duration-ms="11566">
      <class name="api.tests.userTests2">
        <test-method is-config="true" signature="setup()[pri:0, instance:api.tests.userTests2@3cd3e762]" started-at="2025-08-14T22:52:26 IST" name="setup" finished-at="2025-08-14T22:52:27 IST" duration-ms="964" status="PASS">
          <reporter-output>
          </reporter-output>
        </test-method> <!-- setup -->
        <test-method signature="testPostUser()[pri:1, instance:api.tests.userTests2@3cd3e762]" started-at="2025-08-14T22:52:27 IST" name="testPostUser" finished-at="2025-08-14T22:52:31 IST" duration-ms="3820" status="PASS">
          <reporter-output>
          </reporter-output>
        </test-method> <!-- testPostUser -->
        <test-method signature="getUserByName()[pri:2, instance:api.tests.userTests2@3cd3e762]" started-at="2025-08-14T22:52:31 IST" name="getUserByName" finished-at="2025-08-14T22:52:32 IST" duration-ms="1655" status="PASS">
          <reporter-output>
          </reporter-output>
        </test-method> <!-- getUserByName -->
        <test-method signature="updateUserByName()[pri:3, instance:api.tests.userTests2@3cd3e762]" started-at="2025-08-14T22:52:32 IST" name="updateUserByName" finished-at="2025-08-14T22:52:35 IST" duration-ms="3215" status="PASS">
          <reporter-output>
          </reporter-output>
        </test-method> <!-- updateUserByName -->
        <test-method signature="deleteUserByName()[pri:4, instance:api.tests.userTests2@3cd3e762]" started-at="2025-08-14T22:52:35 IST" name="deleteUserByName" finished-at="2025-08-14T22:52:37 IST" duration-ms="1548" status="PASS">
          <reporter-output>
          </reporter-output>
        </test-method> <!-- deleteUserByName -->
      </class> <!-- api.tests.userTests2 -->
    </test> <!-- Test -->
  </suite> <!-- Suite -->
</testng-results>
