<?xml version="1.0" encoding="UTF-8"?>
<testng-results ignored="0" total="3" passed="3" failed="0" skipped="0">
  <reporter-output>
  </reporter-output>
  <suite started-at="2025-11-09T13:24:57 IST" name="Suite" finished-at="2025-11-09T13:25:07 IST" duration-ms="9837">
    <groups>
    </groups>
    <test started-at="2025-11-09T13:24:57 IST" name="Test" finished-at="2025-11-09T13:25:07 IST" duration-ms="9837">
      <class name="api.tests.StoreTests">
        <test-method is-config="true" signature="setup()[pri:0, instance:api.tests.StoreTests@77c2494c]" started-at="2025-11-09T13:24:58 IST" name="setup" finished-at="2025-11-09T13:24:58 IST" duration-ms="567" status="PASS">
          <reporter-output>
          </reporter-output>
        </test-method> <!-- setup -->
        <test-method signature="createOrder()[pri:1, instance:api.tests.StoreTests@77c2494c]" started-at="2025-11-09T13:24:58 IST" name="createOrder" finished-at="2025-11-09T13:25:03 IST" duration-ms="5069" status="PASS">
          <reporter-output>
          </reporter-output>
        </test-method> <!-- createOrder -->
        <test-method signature="getOrder()[pri:0, instance:api.tests.StoreTests@77c2494c]" started-at="2025-11-09T13:25:03 IST" name="getOrder" finished-at="2025-11-09T13:25:05 IST" depends-on-methods="api.tests.StoreTests.createOrder" duration-ms="1866" status="PASS">
          <reporter-output>
          </reporter-output>
        </test-method> <!-- getOrder -->
        <test-method signature="deleteOrder()[pri:0, instance:api.tests.StoreTests@77c2494c]" started-at="2025-11-09T13:25:05 IST" name="deleteOrder" finished-at="2025-11-09T13:25:07 IST" depends-on-methods="api.tests.StoreTests.getOrder" duration-ms="1951" status="PASS">
          <reporter-output>
          </reporter-output>
        </test-method> <!-- deleteOrder -->
      </class> <!-- api.tests.StoreTests -->
    </test> <!-- Test -->
  </suite> <!-- Suite -->
</testng-results>
