<?xml version="1.0" encoding="UTF-8"?>
<!-- Generated by org.testng.reporters.JUnitReportReporter -->
<testsuite hostname="DESKTOP-ISQ03PC" failures="0" tests="4" name="api.tests.userTests2" time="10.238" errors="0" timestamp="2025-08-14T22:52:37 IST" skipped="0">
  <testcase classname="api.tests.userTests2" name="testPostUser" time="3.820"/>
  <testcase classname="api.tests.userTests2" name="getUserByName" time="1.655"/>
  <testcase classname="api.tests.userTests2" name="updateUserByName" time="3.215"/>
  <testcase classname="api.tests.userTests2" name="deleteUserByName" time="1.548"/>
</testsuite> <!-- api.tests.userTests2 -->
