<?xml version="1.0" encoding="UTF-8"?>
<!-- Generated by org.testng.reporters.JUnitReportReporter -->
<testsuite hostname="DESKTOP-ISQ03PC" failures="0" tests="4" name="api.tests.userTests" time="11.689" errors="0" timestamp="2025-11-09T13:21:05 IST" skipped="0">
  <testcase classname="api.tests.userTests" name="testPostUser" time="4.655"/>
  <testcase classname="api.tests.userTests" name="getUserByName" time="1.895"/>
  <testcase classname="api.tests.userTests" name="updateUserByName" time="3.523"/>
  <testcase classname="api.tests.userTests" name="deleteUserByName" time="1.616"/>
</testsuite> <!-- api.tests.userTests -->
