<?xml version="1.0" encoding="UTF-8"?>
<!-- Generated by org.testng.reporters.JUnitReportReporter -->
<testsuite hostname="DESKTOP-ISQ03PC" failures="0" tests="4" name="api.tests.userTests" time="12.191" errors="0" timestamp="2025-08-14T21:29:38 IST" skipped="0">
  <testcase classname="api.tests.userTests" name="testPostUser" time="4.865"/>
  <testcase classname="api.tests.userTests" name="getUserByName" time="1.956"/>
  <testcase classname="api.tests.userTests" name="updateUserByName" time="3.643"/>
  <testcase classname="api.tests.userTests" name="deleteUserByName" time="1.727"/>
</testsuite> <!-- api.tests.userTests -->
