<?xml version="1.0" encoding="UTF-8"?>
<!-- Generated by org.testng.reporters.JUnitReportReporter -->
<testsuite hostname="DESKTOP-ISQ03PC" failures="0" tests="3" name="api.tests.StoreTests" time="8.886" errors="0" timestamp="2025-11-09T13:25:08 IST" skipped="0">
  <testcase classname="api.tests.StoreTests" name="getOrder" time="1.866"/>
  <testcase classname="api.tests.StoreTests" name="deleteOrder" time="1.951"/>
  <testcase classname="api.tests.StoreTests" name="createOrder" time="5.069"/>
</testsuite> <!-- api.tests.StoreTests -->
