<?xml version="1.0" encoding="UTF-8"?>
<!-- Generated by org.testng.reporters.JUnitReportReporter -->
<testsuite hostname="DESKTOP-ISQ03PC" failures="0" tests="4" name="api.tests.userTests2" time="11.457" errors="0" timestamp="2025-08-14T23:20:19 IST" skipped="0">
  <testcase classname="api.tests.userTests2" name="testPostUser" time="3.860"/>
  <testcase classname="api.tests.userTests2" name="getUserByName" time="2.319"/>
  <testcase classname="api.tests.userTests2" name="updateUserByName" time="3.291"/>
  <testcase classname="api.tests.userTests2" name="deleteUserByName" time="1.987"/>
</testsuite> <!-- api.tests.userTests2 -->
